
2015-09-18 16-15-16.....>  exec command 'ifconfig '  result is  br100: flags=4163<UP,BROADCAST,RUNNING,MULTICAST>  mtu 1500
        inet 10.10.0.1  netmask 255.255.255.0  broadcast 10.10.0.255
        ether fa:16:3e:8a:d8:35  txqueuelen 0  (Ethernet)
        RX packets 743  bytes 59709 (58.3 KiB)
        RX errors 0  dropped 0  overruns 0  frame 0
        TX packets 646  bytes 96058 (93.8 KiB)
        TX errors 0  dropped 0 overruns 0  carrier 0  collisions 0

docker0: flags=4099<UP,BROADCAST,MULTICAST>  mtu 1500
        ether 56:84:7a:fe:97:99  txqueuelen 0  (Ethernet)
        RX packets 0  bytes 0 (0.0 B)
        RX errors 0  dropped 0  overruns 0  frame 0
        TX packets 0  bytes 0 (0.0 B)
        TX errors 0  dropped 0 overruns 0  carrier 0  collisions 0

eth0: flags=4163<UP,BROADCAST,RUNNING,MULTICAST>  mtu 1500
        inet 10.44.146.80  netmask 255.255.248.0  broadcast 10.44.151.255
        ether 00:16:3e:00:0e:54  txqueuelen 1000  (Ethernet)
        RX packets 4080054  bytes 182188861 (173.7 MiB)
        RX errors 0  dropped 0  overruns 0  frame 0
        TX packets 64184  bytes 4936553 (4.7 MiB)
        TX errors 0  dropped 0 overruns 0  carrier 0  collisions 0

eth1: flags=4163<UP,BROADCAST,RUNNING,MULTICAST>  mtu 1500
        inet 101.200.174.197  netmask 255.255.252.0  broadcast 101.200.175.255
        ether 00:16:3e:00:15:50  txqueuelen 1000  (Ethernet)
        RX packets 227922308  bytes 10558746678 (9.8 GiB)
        RX errors 0  dropped 0  overruns 0  frame 0
        TX packets 372546  bytes 41494277 (39.5 MiB)
        TX errors 0  dropped 0 overruns 0  carrier 0  collisions 0

lo: flags=73<UP,LOOPBACK,RUNNING>  mtu 65536
        inet 127.0.0.1  netmask 255.0.0.0
        loop  txqueuelen 0  (Local Loopback)
        RX packets 29142852  bytes 5077932169 (4.7 GiB)
        RX errors 0  dropped 0  overruns 0  frame 0
        TX packets 29142852  bytes 5077932169 (4.7 GiB)
        TX errors 0  dropped 0 overruns 0  carrier 0  collisions 0

vlan100: flags=4163<UP,BROADCAST,RUNNING,MULTICAST>  mtu 1500
        ether fa:16:3e:8a:d8:35  txqueuelen 0  (Ethernet)
        RX packets 0  bytes 0 (0.0 B)
        RX errors 0  dropped 0  overruns 0  frame 0
        TX packets 105  bytes 7878 (7.6 KiB)
        TX errors 0  dropped 0 overruns 0  carrier 0  collisions 0

vnet0: flags=4163<UP,BROADCAST,RUNNING,MULTICAST>  mtu 1500
        ether fe:16:3e:ac:c8:e9  txqueuelen 500  (Ethernet)
        RX packets 599  bytes 57353 (56.0 KiB)
        RX errors 0  dropped 0  overruns 0  frame 0
        TX packets 651  bytes 95757 (93.5 KiB)
        TX errors 0  dropped 0 overruns 0  carrier 0  collisions 0


2015-09-21 10-04-21.....>  exec command 'brctl addbr qiang'  result is  
2015-09-21 10-26-51.....>  exec command 'ip link add tab-dedwsdfg type veth peer name peer-dedwsdfg'  result is  
2015-09-21 13-20-02.....>  exec command 'ip link add tab-4e546199d4a9 type veth peer name peer-4e546199d4a9'  result is  
2015-09-21 13-20-02.....>  exec command 'ip link set tab- up4e546199d4a9'  result is  
2015-09-21 13-20-02.....>  exec command 'ip link set peer- up4e546199d4a9'  result is  
2015-09-21 13-20-02.....>  exec command 'ln -s /proc/14927/ns/net /var/run/netns/nets-4e546199d4a9'  result is  
2015-09-21 13-20-02.....>  exec command 'ip link set peer-4e546199d4a9 netns nets-4e546199d4a9'  result is  
2015-09-21 13-20-02.....>  exec command 'ip netns exec nets-4e546199d4a9  ip link set peer-4e546199d4a9 name eth0'  result is  
2015-09-21 13-20-02.....>  exec command 'ip netns exec nets- ip link set eth0  up4e546199d4a9'  result is  
2015-09-21 13-20-02.....>  exec command 'ip netns exec nets-  ip addr add eth0 ipaddress/244e546199d4a9'  result is  
2015-09-21 13-20-02.....>  exec command 'ip netns exec nets- ip route add gateway/32 dev eth04e546199d4a9'  result is  
2015-09-21 13-29-06.....>  exec command 'ip link add name tab-4e546199d4a9 type veth peer name peer-4e546199d4a9'  result is  
2015-09-21 13-29-06.....>  exec command 'ip link set tab- up4e546199d4a9'  result is  
2015-09-21 13-29-06.....>  exec command 'ip link set peer- up4e546199d4a9'  result is  
2015-09-21 13-29-06.....>  exec command 'ln -s /proc/14927/ns/net /var/run/netns/nets-4e546199d4a9'  result is  
2015-09-21 13-29-06.....>  exec command 'ip link set peer-4e546199d4a9 netns nets-4e546199d4a9'  result is  
2015-09-21 13-29-06.....>  exec command 'ip netns exec nets-4e546199d4a9  ip link set peer-4e546199d4a9 name eth0'  result is  
2015-09-21 13-29-06.....>  exec command 'ip netns exec nets- ip link set eth1  up4e546199d4a9'  result is  
2015-09-21 13-29-06.....>  exec command 'ip netns exec nets-  ip addr add eth1 ipaddress/244e546199d4a9'  result is  
2015-09-21 13-29-06.....>  exec command 'ip netns exec nets- ip route add gateway/32 dev eth14e546199d4a9'  result is  
2015-09-21 13-32-54.....>  exec command 'ip link add name t-4e546199d4a9 type veth peer name p-4e546199d4a9'  result is  
2015-09-21 13-32-54.....>  exec command 'ip link set tab- up4e546199d4a9'  result is  
2015-09-21 13-32-54.....>  exec command 'ip link set peer- up4e546199d4a9'  result is  
2015-09-21 13-32-54.....>  exec command 'ln -s /proc/14927/ns/net /var/run/netns/nets-4e546199d4a9'  result is  
2015-09-21 13-32-54.....>  exec command 'ip link set peer-4e546199d4a9 netns nets-4e546199d4a9'  result is  
2015-09-21 13-32-54.....>  exec command 'ip netns exec nets-4e546199d4a9  ip link set peer-4e546199d4a9 name eth0'  result is  
2015-09-21 13-32-54.....>  exec command 'ip netns exec nets- ip link set eth1  up4e546199d4a9'  result is  
2015-09-21 13-32-54.....>  exec command 'ip netns exec nets-  ip addr add eth1 ipaddress/244e546199d4a9'  result is  
2015-09-21 13-32-54.....>  exec command 'ip netns exec nets- ip route add gateway/32 dev eth14e546199d4a9'  result is  
2015-09-21 13-34-27.....>  exec command 'ip link add name t-4e546199d4a9 type veth peer name p-4e546199d4a9'  result is  
2015-09-21 13-34-27.....>  exec command 'ip link set t- up4e546199d4a9'  result is  
2015-09-21 13-34-27.....>  exec command 'ip link set p- up4e546199d4a9'  result is  
2015-09-21 13-34-27.....>  exec command 'ln -s /proc/14927/ns/net /var/run/netns/nets-4e546199d4a9'  result is  
2015-09-21 13-34-27.....>  exec command 'ip link set p-4e546199d4a9 netns nets-4e546199d4a9'  result is  
2015-09-21 13-34-27.....>  exec command 'ip netns exec nets-4e546199d4a9  ip link set p-4e546199d4a9 name eth0'  result is  
2015-09-21 13-34-27.....>  exec command 'ip netns exec nets- ip link set eth1  up4e546199d4a9'  result is  
2015-09-21 13-34-27.....>  exec command 'ip netns exec nets-  ip addr add eth1 ipaddress/244e546199d4a9'  result is  
2015-09-21 13-34-27.....>  exec command 'ip netns exec nets- ip route add gateway/32 dev eth14e546199d4a9'  result is  
2015-09-21 13-38-28.....>  exec command 'ip link add name t-4e546199d4a9 type veth peer name p-4e546199d4a9'  result is  
2015-09-21 13-38-44.....>  exec command 'ip link set t- up4e546199d4a9'  result is  
2015-09-21 13-40-24.....>  exec command 'ip link set t-4e546199d4a9 up'  result is  
2015-09-21 13-42-11.....>  exec command 'ip link add name t-4e546199d4a9 type veth peer name p-4e546199d4a9'  result is  
2015-09-21 13-42-11.....>  exec command 'ip link set t-4e546199d4a9 up'  result is  
2015-09-21 13-42-11.....>  exec command 'ip link set p-4e546199d4a9 up'  result is  
2015-09-21 13-42-11.....>  exec command 'ln -s /proc/14927/ns/net /var/run/netns/nets-4e546199d4a9'  result is  
2015-09-21 13-42-11.....>  exec command 'ip link set p-4e546199d4a9 netns nets-4e546199d4a9'  result is  
2015-09-21 13-42-11.....>  exec command 'ip netns exec nets-4e546199d4a9  ip link set p-4e546199d4a9 name eth0'  result is  
2015-09-21 13-42-11.....>  exec command 'ip netns exec nets-4e546199d4a9 ip link set eth1  up'  result is  
2015-09-21 13-42-11.....>  exec command 'ip netns exec nets-4e546199d4a9  ip addr add eth1 ipaddress/24'  result is  
2015-09-21 13-42-11.....>  exec command 'ip netns exec nets-4e546199d4a9 ip route add gateway/32 dev eth1'  result is  
2015-09-21 13-45-08.....>  exec command 'ip link add name t-4e546199d4a9 type veth peer name p-4e546199d4a9'  result is  
2015-09-21 13-45-08.....>  exec command 'ip link set t-4e546199d4a9 up'  result is  
2015-09-21 13-45-08.....>  exec command 'ip link set p-4e546199d4a9 up'  result is  
2015-09-21 13-45-08.....>  exec command 'ln -s /proc/14927/ns/net /var/run/netns/nets-4e546199d4a9'  result is  
2015-09-21 13-45-08.....>  exec command 'ip link set p-4e546199d4a9 netns nets-4e546199d4a9'  result is  
2015-09-21 13-45-08.....>  exec command 'ip netns exec nets-4e546199d4a9  ip link set p-4e546199d4a9 name eth1'  result is  
2015-09-21 13-45-08.....>  exec command 'ip netns exec nets-4e546199d4a9 ip link set eth1  up'  result is  
2015-09-21 13-45-08.....>  exec command 'ip netns exec nets-4e546199d4a9  ip addr add eth1 ipaddress/24'  result is  
2015-09-21 13-45-08.....>  exec command 'ip netns exec nets-4e546199d4a9 ip route add gateway/32 dev eth1'  result is  
2015-09-21 13-47-49.....>  exec command 'ip link add name t-4e546199d4a9 type veth peer name p-4e546199d4a9'  result is  
2015-09-21 13-47-49.....>  exec command 'ip link set t-4e546199d4a9 up'  result is  
2015-09-21 13-47-49.....>  exec command 'ip link set p-4e546199d4a9 up'  result is  
2015-09-21 13-47-49.....>  exec command 'ln -s /proc/14927/ns/net /var/run/netns/nets-4e546199d4a9'  result is  
2015-09-21 13-47-49.....>  exec command 'ip link set p-4e546199d4a9 netns nets-4e546199d4a9'  result is  
2015-09-21 13-47-49.....>  exec command 'ip netns exec nets-4e546199d4a9  ip link set p-4e546199d4a9 name eth1'  result is  
2015-09-21 13-47-49.....>  exec command 'ip netns exec nets-4e546199d4a9 ip link set eth1  up'  result is  
2015-09-21 13-47-49.....>  exec command 'ip netns exec nets-4e546199d4a9  ip addr add eth1 10.10.1.10/24'  result is  
2015-09-21 13-47-49.....>  exec command 'ip netns exec nets-4e546199d4a9 ip route add 10.10.1.1/32 dev eth1'  result is  
2015-09-21 13-52-11.....>  exec command 'ip link add name t-4e546199d4a9 type veth peer name p-4e546199d4a9'  result is  
2015-09-21 13-52-11.....>  exec command 'ip link set t-4e546199d4a9 up'  result is  
2015-09-21 13-52-11.....>  exec command 'ip link set p-4e546199d4a9 up'  result is  
2015-09-21 13-52-11.....>  exec command 'ln -s /proc/14927/ns/net /var/run/netns/nets-4e546199d4a9'  result is  
2015-09-21 13-52-11.....>  exec command 'ip link set p-4e546199d4a9 netns nets-4e546199d4a9'  result is  
2015-09-21 13-52-11.....>  exec command 'ip netns exec nets-4e546199d4a9  ip link set p-4e546199d4a9 name eth1'  result is  
2015-09-21 13-52-11.....>  exec command 'ip netns exec nets-4e546199d4a9 ip link set eth1  up'  result is  
2015-09-21 13-52-11.....>  exec command 'ip netns exec nets-4e546199d4a9  ip addr add  10.10.1.10/24 dev eth1'  result is  
2015-09-21 13-52-11.....>  exec command 'ip netns exec nets-4e546199d4a9 ip route add 10.10.1.1/32 dev eth1'  result is  
2015-09-21 16-04-54.....>  exec command 'rm -f vlan100/192.168.1.27'  result is  
2015-09-21 16-07-20.....>  exec command 'rm -f vlan100/192.168.1.31'  result is  
2015-09-21 16-07-20.....>  exec command 'ip link add name t-1e79bfd584551c3cc4ee49dda88e4951dfbd4ae0909f5d3fed417df127c62a6f type veth peer name p-1e79bfd584551c3cc4ee49dda88e4951dfbd4ae0909f5d3fed417df127c62a6f'  result is  
2015-09-21 16-07-20.....>  exec command 'ip link set t-1e79bfd584551c3cc4ee49dda88e4951dfbd4ae0909f5d3fed417df127c62a6f up'  result is  
2015-09-21 16-07-20.....>  exec command 'ip link set p-1e79bfd584551c3cc4ee49dda88e4951dfbd4ae0909f5d3fed417df127c62a6f up'  result is  
2015-09-21 16-07-20.....>  exec command 'brctl addif br100 t-1e79bfd584551c3cc4ee49dda88e4951dfbd4ae0909f5d3fed417df127c62a6f'  result is  
2015-09-21 16-07-20.....>  exec command 'ln -s /proc/21372/ns/net /var/run/netns/nets-1e79bfd584551c3cc4ee49dda88e4951dfbd4ae0909f5d3fed417df127c62a6f'  result is  
2015-09-21 16-07-20.....>  exec command 'ip link set p-1e79bfd584551c3cc4ee49dda88e4951dfbd4ae0909f5d3fed417df127c62a6f netns nets-1e79bfd584551c3cc4ee49dda88e4951dfbd4ae0909f5d3fed417df127c62a6f'  result is  
2015-09-21 16-07-20.....>  exec command 'ip netns exec nets-1e79bfd584551c3cc4ee49dda88e4951dfbd4ae0909f5d3fed417df127c62a6f  ip link set p-1e79bfd584551c3cc4ee49dda88e4951dfbd4ae0909f5d3fed417df127c62a6f name eth0'  result is  
2015-09-21 16-07-20.....>  exec command 'ip netns exec nets-1e79bfd584551c3cc4ee49dda88e4951dfbd4ae0909f5d3fed417df127c62a6f ip link set eth0  up'  result is  
2015-09-21 16-07-20.....>  exec command 'ip netns exec nets-1e79bfd584551c3cc4ee49dda88e4951dfbd4ae0909f5d3fed417df127c62a6f  ip addr add  192.168.1.31/24 dev eth0'  result is  
2015-09-21 16-07-20.....>  exec command 'ip netns exec nets-1e79bfd584551c3cc4ee49dda88e4951dfbd4ae0909f5d3fed417df127c62a6f ip route add 192.168.1.1/32 dev eth0'  result is  
2015-09-21 16-09-47.....>  exec command 'rm -f vlan100/192.168.1.21'  result is  
2015-09-21 16-09-47.....>  exec command 'ip link add name t-60ef5bc1d99b type veth peer name p-60ef5bc1d99b'  result is  
2015-09-21 16-09-47.....>  exec command 'ip link set t-60ef5bc1d99b up'  result is  
2015-09-21 16-09-47.....>  exec command 'ip link set p-60ef5bc1d99b up'  result is  
2015-09-21 16-09-47.....>  exec command 'brctl addif br100 t-60ef5bc1d99b'  result is  
2015-09-21 16-09-47.....>  exec command 'ln -s /proc/21617/ns/net /var/run/netns/nets-60ef5bc1d99b'  result is  
2015-09-21 16-09-47.....>  exec command 'ip link set p-60ef5bc1d99b netns nets-60ef5bc1d99b'  result is  
2015-09-21 16-09-47.....>  exec command 'ip netns exec nets-60ef5bc1d99b  ip link set p-60ef5bc1d99b name eth0'  result is  
2015-09-21 16-09-47.....>  exec command 'ip netns exec nets-60ef5bc1d99b ip link set eth0  up'  result is  
2015-09-21 16-09-47.....>  exec command 'ip netns exec nets-60ef5bc1d99b  ip addr add  192.168.1.21/24 dev eth0'  result is  
2015-09-21 16-09-47.....>  exec command 'ip netns exec nets-60ef5bc1d99b ip route add 192.168.1.1/32 dev eth0'  result is  
2015-09-21 16-18-15.....>  exec command 'rm -f vlan100/192.168.1.24'  result is  
2015-09-21 16-18-15.....>  exec command 'brctl addbr br200'  result is  
2015-09-21 16-18-15.....>  exec command 'ip link set br200 up'  result is  
2015-09-21 16-18-15.....>  exec command 'ip link add name t-00dbf01c77ae type veth peer name p-00dbf01c77ae'  result is  
2015-09-21 16-18-15.....>  exec command 'ip link set t-00dbf01c77ae up'  result is  
2015-09-21 16-18-15.....>  exec command 'ip link set p-00dbf01c77ae up'  result is  
2015-09-21 16-18-15.....>  exec command 'brctl addif br200 t-00dbf01c77ae'  result is  
2015-09-21 16-18-15.....>  exec command 'ln -s /proc/22105/ns/net /var/run/netns/nets-00dbf01c77ae'  result is  
2015-09-21 16-18-15.....>  exec command 'ip link set p-00dbf01c77ae netns nets-00dbf01c77ae'  result is  
2015-09-21 16-18-15.....>  exec command 'ip netns exec nets-00dbf01c77ae  ip link set p-00dbf01c77ae name eth0'  result is  
2015-09-21 16-18-15.....>  exec command 'ip netns exec nets-00dbf01c77ae ip link set eth0  up'  result is  
2015-09-21 16-18-15.....>  exec command 'ip netns exec nets-00dbf01c77ae  ip addr add  192.168.1.24/24 dev eth0'  result is  
2015-09-21 16-18-15.....>  exec command 'ip netns exec nets-00dbf01c77ae ip route add 0.0.0.0/0 via 192.168.1.1 dev eth0'  result is  
